<?xml version="1.0" encoding="UTF-8"?>
<testsuite xmlns:xsi="http://www.w3.org/2001/XMLSchema-instance" xsi:noNamespaceSchemaLocation="https://maven.apache.org/surefire/maven-surefire-plugin/xsd/surefire-test-report.xsd" name="com.elsevier.runner.TestRunner" time="2.347" tests="1" errors="0" skipped="0" failures="1">
  <properties>
[...]
</properties>
  <testcase name="Verify that bitlinks are being created using post bitlink API with status code 200" classname="Create Bitlinks" time="1.445">
    <failure message="1 expectation failed.&#10;Expected status code &lt;200&gt; but was &lt;406&gt;.&#10;" type="java.lang.AssertionError"><![CDATA[java.lang.AssertionError: 
1 expectation failed.
Expected status code <200> but was <406>.

]]></failure>
    <system-out><![CDATA[Request method:	POST
Request URI:	https://api-ssl.bitly.com/v4/bitlinks
Proxy:			<none>
Request params:	<none>
Query params:	<none>
Form params:	<none>
Path params:	<none>
Headers:		Authorization=Bearer b2e55657a51bca585a30baa93f2df3593f0a8e62
				Accept=application/json, application/javascript, text/javascript, text/json
				Content-Type=application/json; charset=UTF-8
Cookies:		<none>
Multiparts:		<none>
Body:
{
    "group_guid": "Bl2h8zwUMEf",
    "domain": "bit.ly",
    "long_url": "https://cucumber.io/docs/gherkin/",
    "title": "Gherkin Syntax - Cucumber Documentation",
    "tags": [
        "bitly",
        "api"
    ]
}
HTTP/1.1 406 Not Acceptable
Server: nginx
Date: Mon, 22 Feb 2021 19:41:19 GMT
Content-Type: application/json
Content-Length: 41
Strict-Transport-Security: max-age=31536000; includeSubDomains
X-XSS-Protection: 1; mode=blockFilter
X-Content-Type-Options: nosniff
X-Frame-Options: DENY
Content-Security-Policy: default-src 'none
Via: 1.1 google
Alt-Svc: clear

{
    "message": "INVALID_CONTENT_TYPE_HEADER"
}
-------io.restassured.internal.ValidatableResponseImpl@658255aa
]]></system-out>
  </testcase>
</testsuite>